  PenaltyKick.cpp
C:\Users\Riccardo\Desktop\LAB CG\Progetto\PenaltyKick\PenaltyKick\PenaltyKick.cpp(29,53): warning C4244: '+=': conversione da 'double' a 'float'. Possibile perdita di dati.
C:\Users\Riccardo\Desktop\LAB CG\Progetto\PenaltyKick\PenaltyKick\PenaltyKick.cpp(30,53): warning C4244: '+=': conversione da 'double' a 'float'. Possibile perdita di dati.
C:\Users\Riccardo\Desktop\LAB CG\Progetto\PenaltyKick\PenaltyKick\PenaltyKick.cpp(39,15): warning C4244: 'inizializzazione': conversione da 'double' a 'float'. Possibile perdita di dati.
C:\Users\Riccardo\Desktop\LAB CG\Progetto\PenaltyKick\PenaltyKick\PenaltyKick.cpp(40,15): warning C4244: 'inizializzazione': conversione da 'double' a 'float'. Possibile perdita di dati.
C:\Users\Riccardo\Desktop\LAB CG\Progetto\PenaltyKick\PenaltyKick\PenaltyKick.cpp(210,52): warning C4267: 'argomento': conversione da 'size_t' a 'GLsizei'. Possibile perdita di dati.
C:\Users\Riccardo\Desktop\LAB CG\Progetto\PenaltyKick\PenaltyKick\PenaltyKick.cpp(240,60): warning C4267: 'argomento': conversione da 'size_t' a 'GLsizei'. Possibile perdita di dati.
C:\Users\Riccardo\Desktop\LAB CG\Progetto\PenaltyKick\PenaltyKick\PenaltyKick.cpp(254,60): warning C4267: 'argomento': conversione da 'size_t' a 'GLsizei'. Possibile perdita di dati.
C:\Users\Riccardo\Desktop\LAB CG\Progetto\PenaltyKick\PenaltyKick\PenaltyKick.cpp(263,58): warning C4267: 'argomento': conversione da 'size_t' a 'GLsizei'. Possibile perdita di dati.
C:\Users\Riccardo\Desktop\LAB CG\Progetto\PenaltyKick\PenaltyKick\PenaltyKick.cpp(272,58): warning C4267: 'argomento': conversione da 'size_t' a 'GLsizei'. Possibile perdita di dati.
C:\Users\Riccardo\Desktop\LAB CG\Progetto\PenaltyKick\PenaltyKick\PenaltyKick.cpp(280,58): warning C4267: 'argomento': conversione da 'size_t' a 'GLsizei'. Possibile perdita di dati.
C:\Users\Riccardo\Desktop\LAB CG\Progetto\PenaltyKick\PenaltyKick\PenaltyKick.cpp(289,59): warning C4267: 'argomento': conversione da 'size_t' a 'GLsizei'. Possibile perdita di dati.
C:\Users\Riccardo\Desktop\LAB CG\Progetto\PenaltyKick\PenaltyKick\PenaltyKick.cpp(297,63): warning C4267: 'argomento': conversione da 'size_t' a 'GLsizei'. Possibile perdita di dati.
C:\Users\Riccardo\Desktop\LAB CG\Progetto\PenaltyKick\PenaltyKick\PenaltyKick.cpp(305,63): warning C4267: 'argomento': conversione da 'size_t' a 'GLsizei'. Possibile perdita di dati.
C:\Users\Riccardo\Desktop\LAB CG\Progetto\PenaltyKick\PenaltyKick\PenaltyKick.cpp(313,63): warning C4267: 'argomento': conversione da 'size_t' a 'GLsizei'. Possibile perdita di dati.
C:\Users\Riccardo\Desktop\LAB CG\Progetto\PenaltyKick\PenaltyKick\PenaltyKick.cpp(344,19): warning C4244: '=': conversione da 'double' a 'float'. Possibile perdita di dati.
C:\Users\Riccardo\Desktop\LAB CG\Progetto\PenaltyKick\PenaltyKick\PenaltyKick.cpp(386,30): warning C4244: 'argomento': conversione da 'float' a 'GLsizei'. Possibile perdita di dati.
C:\Users\Riccardo\Desktop\LAB CG\Progetto\PenaltyKick\PenaltyKick\PenaltyKick.cpp(386,20): warning C4244: 'argomento': conversione da 'float' a 'GLsizei'. Possibile perdita di dati.
C:\Users\Riccardo\Desktop\LAB CG\Progetto\PenaltyKick\PenaltyKick\PenaltyKick.cpp(392,30): warning C4244: 'argomento': conversione da 'float' a 'GLsizei'. Possibile perdita di dati.
C:\Users\Riccardo\Desktop\LAB CG\Progetto\PenaltyKick\PenaltyKick\PenaltyKick.cpp(392,20): warning C4244: 'argomento': conversione da 'float' a 'GLsizei'. Possibile perdita di dati.
  PenaltyKick.vcxproj -> C:\Users\Riccardo\Desktop\LAB CG\Progetto\PenaltyKick\x64\Debug\PenaltyKick.exe
